<?xml version='1.0' encoding='UTF-8'?>
<testsuite hostname="DaniyalAslam" name="lab2.EncoderTest" tests="1" errors="0" failures="0" skipped="0" time="2.668" timestamp="2021-11-11T19:46:42">
                     <properties>
[...]
</properties>
                     <testcase classname="lab2.EncoderTest" name="Encoder" time="2.668">
                                                 
                                               </testcase>
                     <system-out><![CDATA[]]></system-out>
                     <system-err><![CDATA[]]></system-err>
                   </testsuite>